Build started 17/04/2015 01:16:57.
     1>Project "C:\Users\SamAmco\Documents\Visual Studio 2013\Projects\GameSimCoursework2\GameSimCoursework2\GameSimCoursework2.vcxproj" on node 2 (Build target(s)).
     1>Link:
         C:\Program Files (x86)\Microsoft Visual Studio 12.0\VC\bin\link.exe /ERRORREPORT:PROMPT /OUT:"C:\Users\SamAmco\Documents\Visual Studio 2013\Projects\GameSimCoursework2\Debug\GameSimCoursework2.exe" /INCREMENTAL /NOLOGO /LIBPATH:"C:\Users\SamAmco\Documents\Visual Studio 2013\Projects\GameSimCoursework2\TGUI-0.6\lib" /LIBPATH:"C:\Users\SamAmco\Documents\Visual Studio 2013\Projects\GameSimCoursework2\SFML-2.2\lib" opengl32.lib glew.lib winmm.lib gdi32.lib sndfile.lib freetype.lib openal32.lib jpeg.lib "sfml-system-s-d.lib" "sfml-audio-s-d.lib" "sfml-window-s-d.lib" "sfml-graphics-s-d.lib" "tgui-s-d.lib" kernel32.lib user32.lib gdi32.lib winspool.lib comdlg32.lib advapi32.lib shell32.lib ole32.lib oleaut32.lib uuid.lib odbc32.lib odbccp32.lib /MANIFEST /MANIFESTUAC:"level='asInvoker' uiAccess='false'" /manifest:embed /DEBUG /PDB:"C:\Users\SamAmco\Documents\Visual Studio 2013\Projects\GameSimCoursework2\Debug\GameSimCoursework2.pdb" /SUBSYSTEM:CONSOLE /TLBID:1 /DYNAMICBASE /NXCOMPAT /IMPLIB:"C:\Users\SamAmco\Documents\Visual Studio 2013\Projects\GameSimCoursework2\Debug\GameSimCoursework2.lib" /MACHINE:X86 Debug\GameSimCoursework2.obj
         Debug\PathPlanner.obj
         Debug\stdafx.obj
     1>sfml-system-s-d.lib(Clock.cpp.obj) : warning LNK4099: PDB 'vc120.pdb' was not found with 'sfml-system-s-d.lib(Clock.cpp.obj)' or at 'C:\Users\SamAmco\Documents\Visual Studio 2013\Projects\GameSimCoursework2\Debug\vc120.pdb'; linking object as if no debug info
     1>sfml-system-s-d.lib(Err.cpp.obj) : warning LNK4099: PDB 'vc120.pdb' was not found with 'sfml-system-s-d.lib(Err.cpp.obj)' or at 'C:\Users\SamAmco\Documents\Visual Studio 2013\Projects\GameSimCoursework2\Debug\vc120.pdb'; linking object as if no debug info
     1>sfml-system-s-d.lib(Lock.cpp.obj) : warning LNK4099: PDB 'vc120.pdb' was not found with 'sfml-system-s-d.lib(Lock.cpp.obj)' or at 'C:\Users\SamAmco\Documents\Visual Studio 2013\Projects\GameSimCoursework2\Debug\vc120.pdb'; linking object as if no debug info
     1>sfml-system-s-d.lib(Mutex.cpp.obj) : warning LNK4099: PDB 'vc120.pdb' was not found with 'sfml-system-s-d.lib(Mutex.cpp.obj)' or at 'C:\Users\SamAmco\Documents\Visual Studio 2013\Projects\GameSimCoursework2\Debug\vc120.pdb'; linking object as if no debug info
     1>sfml-system-s-d.lib(Sleep.cpp.obj) : warning LNK4099: PDB 'vc120.pdb' was not found with 'sfml-system-s-d.lib(Sleep.cpp.obj)' or at 'C:\Users\SamAmco\Documents\Visual Studio 2013\Projects\GameSimCoursework2\Debug\vc120.pdb'; linking object as if no debug info
     1>sfml-system-s-d.lib(String.cpp.obj) : warning LNK4099: PDB 'vc120.pdb' was not found with 'sfml-system-s-d.lib(String.cpp.obj)' or at 'C:\Users\SamAmco\Documents\Visual Studio 2013\Projects\GameSimCoursework2\Debug\vc120.pdb'; linking object as if no debug info
     1>sfml-system-s-d.lib(ThreadLocal.cpp.obj) : warning LNK4099: PDB 'vc120.pdb' was not found with 'sfml-system-s-d.lib(ThreadLocal.cpp.obj)' or at 'C:\Users\SamAmco\Documents\Visual Studio 2013\Projects\GameSimCoursework2\Debug\vc120.pdb'; linking object as if no debug info
     1>sfml-system-s-d.lib(Time.cpp.obj) : warning LNK4099: PDB 'vc120.pdb' was not found with 'sfml-system-s-d.lib(Time.cpp.obj)' or at 'C:\Users\SamAmco\Documents\Visual Studio 2013\Projects\GameSimCoursework2\Debug\vc120.pdb'; linking object as if no debug info
     1>sfml-system-s-d.lib(ClockImpl.cpp.obj) : warning LNK4099: PDB 'vc120.pdb' was not found with 'sfml-system-s-d.lib(ClockImpl.cpp.obj)' or at 'C:\Users\SamAmco\Documents\Visual Studio 2013\Projects\GameSimCoursework2\Debug\vc120.pdb'; linking object as if no debug info
     1>sfml-system-s-d.lib(MutexImpl.cpp.obj) : warning LNK4099: PDB 'vc120.pdb' was not found with 'sfml-system-s-d.lib(MutexImpl.cpp.obj)' or at 'C:\Users\SamAmco\Documents\Visual Studio 2013\Projects\GameSimCoursework2\Debug\vc120.pdb'; linking object as if no debug info
     1>sfml-system-s-d.lib(SleepImpl.cpp.obj) : warning LNK4099: PDB 'vc120.pdb' was not found with 'sfml-system-s-d.lib(SleepImpl.cpp.obj)' or at 'C:\Users\SamAmco\Documents\Visual Studio 2013\Projects\GameSimCoursework2\Debug\vc120.pdb'; linking object as if no debug info
     1>sfml-system-s-d.lib(ThreadLocalImpl.cpp.obj) : warning LNK4099: PDB 'vc120.pdb' was not found with 'sfml-system-s-d.lib(ThreadLocalImpl.cpp.obj)' or at 'C:\Users\SamAmco\Documents\Visual Studio 2013\Projects\GameSimCoursework2\Debug\vc120.pdb'; linking object as if no debug info
     1>sfml-window-s-d.lib(Context.cpp.obj) : warning LNK4099: PDB 'vc120.pdb' was not found with 'sfml-window-s-d.lib(Context.cpp.obj)' or at 'C:\Users\SamAmco\Documents\Visual Studio 2013\Projects\GameSimCoursework2\Debug\vc120.pdb'; linking object as if no debug info
     1>sfml-window-s-d.lib(GlContext.cpp.obj) : warning LNK4099: PDB 'vc120.pdb' was not found with 'sfml-window-s-d.lib(GlContext.cpp.obj)' or at 'C:\Users\SamAmco\Documents\Visual Studio 2013\Projects\GameSimCoursework2\Debug\vc120.pdb'; linking object as if no debug info
     1>sfml-window-s-d.lib(GlResource.cpp.obj) : warning LNK4099: PDB 'vc120.pdb' was not found with 'sfml-window-s-d.lib(GlResource.cpp.obj)' or at 'C:\Users\SamAmco\Documents\Visual Studio 2013\Projects\GameSimCoursework2\Debug\vc120.pdb'; linking object as if no debug info
     1>sfml-window-s-d.lib(Joystick.cpp.obj) : warning LNK4099: PDB 'vc120.pdb' was not found with 'sfml-window-s-d.lib(Joystick.cpp.obj)' or at 'C:\Users\SamAmco\Documents\Visual Studio 2013\Projects\GameSimCoursework2\Debug\vc120.pdb'; linking object as if no debug info
     1>sfml-window-s-d.lib(JoystickManager.cpp.obj) : warning LNK4099: PDB 'vc120.pdb' was not found with 'sfml-window-s-d.lib(JoystickManager.cpp.obj)' or at 'C:\Users\SamAmco\Documents\Visual Studio 2013\Projects\GameSimCoursework2\Debug\vc120.pdb'; linking object as if no debug info
     1>sfml-window-s-d.lib(SensorManager.cpp.obj) : warning LNK4099: PDB 'vc120.pdb' was not found with 'sfml-window-s-d.lib(SensorManager.cpp.obj)' or at 'C:\Users\SamAmco\Documents\Visual Studio 2013\Projects\GameSimCoursework2\Debug\vc120.pdb'; linking object as if no debug info
     1>sfml-window-s-d.lib(VideoMode.cpp.obj) : warning LNK4099: PDB 'vc120.pdb' was not found with 'sfml-window-s-d.lib(VideoMode.cpp.obj)' or at 'C:\Users\SamAmco\Documents\Visual Studio 2013\Projects\GameSimCoursework2\Debug\vc120.pdb'; linking object as if no debug info
     1>sfml-window-s-d.lib(Window.cpp.obj) : warning LNK4099: PDB 'vc120.pdb' was not found with 'sfml-window-s-d.lib(Window.cpp.obj)' or at 'C:\Users\SamAmco\Documents\Visual Studio 2013\Projects\GameSimCoursework2\Debug\vc120.pdb'; linking object as if no debug info
     1>sfml-window-s-d.lib(WindowImpl.cpp.obj) : warning LNK4099: PDB 'vc120.pdb' was not found with 'sfml-window-s-d.lib(WindowImpl.cpp.obj)' or at 'C:\Users\SamAmco\Documents\Visual Studio 2013\Projects\GameSimCoursework2\Debug\vc120.pdb'; linking object as if no debug info
     1>sfml-window-s-d.lib(WglContext.cpp.obj) : warning LNK4099: PDB 'vc120.pdb' was not found with 'sfml-window-s-d.lib(WglContext.cpp.obj)' or at 'C:\Users\SamAmco\Documents\Visual Studio 2013\Projects\GameSimCoursework2\Debug\vc120.pdb'; linking object as if no debug info
     1>sfml-window-s-d.lib(JoystickImpl.cpp.obj) : warning LNK4099: PDB 'vc120.pdb' was not found with 'sfml-window-s-d.lib(JoystickImpl.cpp.obj)' or at 'C:\Users\SamAmco\Documents\Visual Studio 2013\Projects\GameSimCoursework2\Debug\vc120.pdb'; linking object as if no debug info
     1>sfml-window-s-d.lib(SensorImpl.cpp.obj) : warning LNK4099: PDB 'vc120.pdb' was not found with 'sfml-window-s-d.lib(SensorImpl.cpp.obj)' or at 'C:\Users\SamAmco\Documents\Visual Studio 2013\Projects\GameSimCoursework2\Debug\vc120.pdb'; linking object as if no debug info
     1>sfml-window-s-d.lib(VideoModeImpl.cpp.obj) : warning LNK4099: PDB 'vc120.pdb' was not found with 'sfml-window-s-d.lib(VideoModeImpl.cpp.obj)' or at 'C:\Users\SamAmco\Documents\Visual Studio 2013\Projects\GameSimCoursework2\Debug\vc120.pdb'; linking object as if no debug info
     1>sfml-window-s-d.lib(WindowImplWin32.cpp.obj) : warning LNK4099: PDB 'vc120.pdb' was not found with 'sfml-window-s-d.lib(WindowImplWin32.cpp.obj)' or at 'C:\Users\SamAmco\Documents\Visual Studio 2013\Projects\GameSimCoursework2\Debug\vc120.pdb'; linking object as if no debug info
     1>sfml-graphics-s-d.lib(BlendMode.cpp.obj) : warning LNK4099: PDB 'vc120.pdb' was not found with 'sfml-graphics-s-d.lib(BlendMode.cpp.obj)' or at 'C:\Users\SamAmco\Documents\Visual Studio 2013\Projects\GameSimCoursework2\Debug\vc120.pdb'; linking object as if no debug info
     1>sfml-graphics-s-d.lib(Color.cpp.obj) : warning LNK4099: PDB 'vc120.pdb' was not found with 'sfml-graphics-s-d.lib(Color.cpp.obj)' or at 'C:\Users\SamAmco\Documents\Visual Studio 2013\Projects\GameSimCoursework2\Debug\vc120.pdb'; linking object as if no debug info
     1>sfml-graphics-s-d.lib(Font.cpp.obj) : warning LNK4099: PDB 'vc120.pdb' was not found with 'sfml-graphics-s-d.lib(Font.cpp.obj)' or at 'C:\Users\SamAmco\Documents\Visual Studio 2013\Projects\GameSimCoursework2\Debug\vc120.pdb'; linking object as if no debug info
     1>sfml-graphics-s-d.lib(GLCheck.cpp.obj) : warning LNK4099: PDB 'vc120.pdb' was not found with 'sfml-graphics-s-d.lib(GLCheck.cpp.obj)' or at 'C:\Users\SamAmco\Documents\Visual Studio 2013\Projects\GameSimCoursework2\Debug\vc120.pdb'; linking object as if no debug info
     1>sfml-graphics-s-d.lib(GLExtensions.cpp.obj) : warning LNK4099: PDB 'vc120.pdb' was not found with 'sfml-graphics-s-d.lib(GLExtensions.cpp.obj)' or at 'C:\Users\SamAmco\Documents\Visual Studio 2013\Projects\GameSimCoursework2\Debug\vc120.pdb'; linking object as if no debug info
     1>sfml-graphics-s-d.lib(Image.cpp.obj) : warning LNK4099: PDB 'vc120.pdb' was not found with 'sfml-graphics-s-d.lib(Image.cpp.obj)' or at 'C:\Users\SamAmco\Documents\Visual Studio 2013\Projects\GameSimCoursework2\Debug\vc120.pdb'; linking object as if no debug info
     1>sfml-graphics-s-d.lib(ImageLoader.cpp.obj) : warning LNK4099: PDB 'vc120.pdb' was not found with 'sfml-graphics-s-d.lib(ImageLoader.cpp.obj)' or at 'C:\Users\SamAmco\Documents\Visual Studio 2013\Projects\GameSimCoursework2\Debug\vc120.pdb'; linking object as if no debug info
     1>sfml-graphics-s-d.lib(RenderStates.cpp.obj) : warning LNK4099: PDB 'vc120.pdb' was not found with 'sfml-graphics-s-d.lib(RenderStates.cpp.obj)' or at 'C:\Users\SamAmco\Documents\Visual Studio 2013\Projects\GameSimCoursework2\Debug\vc120.pdb'; linking object as if no debug info
     1>sfml-graphics-s-d.lib(RenderTarget.cpp.obj) : warning LNK4099: PDB 'vc120.pdb' was not found with 'sfml-graphics-s-d.lib(RenderTarget.cpp.obj)' or at 'C:\Users\SamAmco\Documents\Visual Studio 2013\Projects\GameSimCoursework2\Debug\vc120.pdb'; linking object as if no debug info
     1>sfml-graphics-s-d.lib(RenderWindow.cpp.obj) : warning LNK4099: PDB 'vc120.pdb' was not found with 'sfml-graphics-s-d.lib(RenderWindow.cpp.obj)' or at 'C:\Users\SamAmco\Documents\Visual Studio 2013\Projects\GameSimCoursework2\Debug\vc120.pdb'; linking object as if no debug info
     1>sfml-graphics-s-d.lib(Shader.cpp.obj) : warning LNK4099: PDB 'vc120.pdb' was not found with 'sfml-graphics-s-d.lib(Shader.cpp.obj)' or at 'C:\Users\SamAmco\Documents\Visual Studio 2013\Projects\GameSimCoursework2\Debug\vc120.pdb'; linking object as if no debug info
     1>sfml-graphics-s-d.lib(Texture.cpp.obj) : warning LNK4099: PDB 'vc120.pdb' was not found with 'sfml-graphics-s-d.lib(Texture.cpp.obj)' or at 'C:\Users\SamAmco\Documents\Visual Studio 2013\Projects\GameSimCoursework2\Debug\vc120.pdb'; linking object as if no debug info
     1>sfml-graphics-s-d.lib(TextureSaver.cpp.obj) : warning LNK4099: PDB 'vc120.pdb' was not found with 'sfml-graphics-s-d.lib(TextureSaver.cpp.obj)' or at 'C:\Users\SamAmco\Documents\Visual Studio 2013\Projects\GameSimCoursework2\Debug\vc120.pdb'; linking object as if no debug info
     1>sfml-graphics-s-d.lib(Transform.cpp.obj) : warning LNK4099: PDB 'vc120.pdb' was not found with 'sfml-graphics-s-d.lib(Transform.cpp.obj)' or at 'C:\Users\SamAmco\Documents\Visual Studio 2013\Projects\GameSimCoursework2\Debug\vc120.pdb'; linking object as if no debug info
     1>sfml-graphics-s-d.lib(Transformable.cpp.obj) : warning LNK4099: PDB 'vc120.pdb' was not found with 'sfml-graphics-s-d.lib(Transformable.cpp.obj)' or at 'C:\Users\SamAmco\Documents\Visual Studio 2013\Projects\GameSimCoursework2\Debug\vc120.pdb'; linking object as if no debug info
     1>sfml-graphics-s-d.lib(View.cpp.obj) : warning LNK4099: PDB 'vc120.pdb' was not found with 'sfml-graphics-s-d.lib(View.cpp.obj)' or at 'C:\Users\SamAmco\Documents\Visual Studio 2013\Projects\GameSimCoursework2\Debug\vc120.pdb'; linking object as if no debug info
     1>sfml-graphics-s-d.lib(Vertex.cpp.obj) : warning LNK4099: PDB 'vc120.pdb' was not found with 'sfml-graphics-s-d.lib(Vertex.cpp.obj)' or at 'C:\Users\SamAmco\Documents\Visual Studio 2013\Projects\GameSimCoursework2\Debug\vc120.pdb'; linking object as if no debug info
     1>sfml-graphics-s-d.lib(Shape.cpp.obj) : warning LNK4099: PDB 'vc120.pdb' was not found with 'sfml-graphics-s-d.lib(Shape.cpp.obj)' or at 'C:\Users\SamAmco\Documents\Visual Studio 2013\Projects\GameSimCoursework2\Debug\vc120.pdb'; linking object as if no debug info
     1>sfml-graphics-s-d.lib(RectangleShape.cpp.obj) : warning LNK4099: PDB 'vc120.pdb' was not found with 'sfml-graphics-s-d.lib(RectangleShape.cpp.obj)' or at 'C:\Users\SamAmco\Documents\Visual Studio 2013\Projects\GameSimCoursework2\Debug\vc120.pdb'; linking object as if no debug info
     1>sfml-graphics-s-d.lib(ConvexShape.cpp.obj) : warning LNK4099: PDB 'vc120.pdb' was not found with 'sfml-graphics-s-d.lib(ConvexShape.cpp.obj)' or at 'C:\Users\SamAmco\Documents\Visual Studio 2013\Projects\GameSimCoursework2\Debug\vc120.pdb'; linking object as if no debug info
     1>sfml-graphics-s-d.lib(Sprite.cpp.obj) : warning LNK4099: PDB 'vc120.pdb' was not found with 'sfml-graphics-s-d.lib(Sprite.cpp.obj)' or at 'C:\Users\SamAmco\Documents\Visual Studio 2013\Projects\GameSimCoursework2\Debug\vc120.pdb'; linking object as if no debug info
     1>sfml-graphics-s-d.lib(Text.cpp.obj) : warning LNK4099: PDB 'vc120.pdb' was not found with 'sfml-graphics-s-d.lib(Text.cpp.obj)' or at 'C:\Users\SamAmco\Documents\Visual Studio 2013\Projects\GameSimCoursework2\Debug\vc120.pdb'; linking object as if no debug info
     1>sfml-graphics-s-d.lib(VertexArray.cpp.obj) : warning LNK4099: PDB 'vc120.pdb' was not found with 'sfml-graphics-s-d.lib(VertexArray.cpp.obj)' or at 'C:\Users\SamAmco\Documents\Visual Studio 2013\Projects\GameSimCoursework2\Debug\vc120.pdb'; linking object as if no debug info
     1>tgui-s-d.lib(Global.cpp.obj) : warning LNK4099: PDB 'vc120.pdb' was not found with 'tgui-s-d.lib(Global.cpp.obj)' or at 'C:\Users\SamAmco\Documents\Visual Studio 2013\Projects\GameSimCoursework2\Debug\vc120.pdb'; linking object as if no debug info
     1>tgui-s-d.lib(Clipboard.cpp.obj) : warning LNK4099: PDB 'vc120.pdb' was not found with 'tgui-s-d.lib(Clipboard.cpp.obj)' or at 'C:\Users\SamAmco\Documents\Visual Studio 2013\Projects\GameSimCoursework2\Debug\vc120.pdb'; linking object as if no debug info
     1>tgui-s-d.lib(Callback.cpp.obj) : warning LNK4099: PDB 'vc120.pdb' was not found with 'tgui-s-d.lib(Callback.cpp.obj)' or at 'C:\Users\SamAmco\Documents\Visual Studio 2013\Projects\GameSimCoursework2\Debug\vc120.pdb'; linking object as if no debug info
     1>tgui-s-d.lib(Transformable.cpp.obj) : warning LNK4099: PDB 'vc120.pdb' was not found with 'tgui-s-d.lib(Transformable.cpp.obj)' or at 'C:\Users\SamAmco\Documents\Visual Studio 2013\Projects\GameSimCoursework2\Debug\vc120.pdb'; linking object as if no debug info
     1>tgui-s-d.lib(Widget.cpp.obj) : warning LNK4099: PDB 'vc120.pdb' was not found with 'tgui-s-d.lib(Widget.cpp.obj)' or at 'C:\Users\SamAmco\Documents\Visual Studio 2013\Projects\GameSimCoursework2\Debug\vc120.pdb'; linking object as if no debug info
     1>tgui-s-d.lib(Label.cpp.obj) : warning LNK4099: PDB 'vc120.pdb' was not found with 'tgui-s-d.lib(Label.cpp.obj)' or at 'C:\Users\SamAmco\Documents\Visual Studio 2013\Projects\GameSimCoursework2\Debug\vc120.pdb'; linking object as if no debug info
     1>tgui-s-d.lib(Picture.cpp.obj) : warning LNK4099: PDB 'vc120.pdb' was not found with 'tgui-s-d.lib(Picture.cpp.obj)' or at 'C:\Users\SamAmco\Documents\Visual Studio 2013\Projects\GameSimCoursework2\Debug\vc120.pdb'; linking object as if no debug info
     1>tgui-s-d.lib(Button.cpp.obj) : warning LNK4099: PDB 'vc120.pdb' was not found with 'tgui-s-d.lib(Button.cpp.obj)' or at 'C:\Users\SamAmco\Documents\Visual Studio 2013\Projects\GameSimCoursework2\Debug\vc120.pdb'; linking object as if no debug info
     1>tgui-s-d.lib(Checkbox.cpp.obj) : warning LNK4099: PDB 'vc120.pdb' was not found with 'tgui-s-d.lib(Checkbox.cpp.obj)' or at 'C:\Users\SamAmco\Documents\Visual Studio 2013\Projects\GameSimCoursework2\Debug\vc120.pdb'; linking object as if no debug info
     1>tgui-s-d.lib(RadioButton.cpp.obj) : warning LNK4099: PDB 'vc120.pdb' was not found with 'tgui-s-d.lib(RadioButton.cpp.obj)' or at 'C:\Users\SamAmco\Documents\Visual Studio 2013\Projects\GameSimCoursework2\Debug\vc120.pdb'; linking object as if no debug info
     1>tgui-s-d.lib(EditBox.cpp.obj) : warning LNK4099: PDB 'vc120.pdb' was not found with 'tgui-s-d.lib(EditBox.cpp.obj)' or at 'C:\Users\SamAmco\Documents\Visual Studio 2013\Projects\GameSimCoursework2\Debug\vc120.pdb'; linking object as if no debug info
     1>tgui-s-d.lib(Slider.cpp.obj) : warning LNK4099: PDB 'vc120.pdb' was not found with 'tgui-s-d.lib(Slider.cpp.obj)' or at 'C:\Users\SamAmco\Documents\Visual Studio 2013\Projects\GameSimCoursework2\Debug\vc120.pdb'; linking object as if no debug info
     1>tgui-s-d.lib(Scrollbar.cpp.obj) : warning LNK4099: PDB 'vc120.pdb' was not found with 'tgui-s-d.lib(Scrollbar.cpp.obj)' or at 'C:\Users\SamAmco\Documents\Visual Studio 2013\Projects\GameSimCoursework2\Debug\vc120.pdb'; linking object as if no debug info
     1>tgui-s-d.lib(ListBox.cpp.obj) : warning LNK4099: PDB 'vc120.pdb' was not found with 'tgui-s-d.lib(ListBox.cpp.obj)' or at 'C:\Users\SamAmco\Documents\Visual Studio 2013\Projects\GameSimCoursework2\Debug\vc120.pdb'; linking object as if no debug info
     1>tgui-s-d.lib(LoadingBar.cpp.obj) : warning LNK4099: PDB 'vc120.pdb' was not found with 'tgui-s-d.lib(LoadingBar.cpp.obj)' or at 'C:\Users\SamAmco\Documents\Visual Studio 2013\Projects\GameSimCoursework2\Debug\vc120.pdb'; linking object as if no debug info
     1>tgui-s-d.lib(ComboBox.cpp.obj) : warning LNK4099: PDB 'vc120.pdb' was not found with 'tgui-s-d.lib(ComboBox.cpp.obj)' or at 'C:\Users\SamAmco\Documents\Visual Studio 2013\Projects\GameSimCoursework2\Debug\vc120.pdb'; linking object as if no debug info
     1>tgui-s-d.lib(TextBox.cpp.obj) : warning LNK4099: PDB 'vc120.pdb' was not found with 'tgui-s-d.lib(TextBox.cpp.obj)' or at 'C:\Users\SamAmco\Documents\Visual Studio 2013\Projects\GameSimCoursework2\Debug\vc120.pdb'; linking object as if no debug info
     1>tgui-s-d.lib(SpriteSheet.cpp.obj) : warning LNK4099: PDB 'vc120.pdb' was not found with 'tgui-s-d.lib(SpriteSheet.cpp.obj)' or at 'C:\Users\SamAmco\Documents\Visual Studio 2013\Projects\GameSimCoursework2\Debug\vc120.pdb'; linking object as if no debug info
     1>tgui-s-d.lib(AnimatedPicture.cpp.obj) : warning LNK4099: PDB 'vc120.pdb' was not found with 'tgui-s-d.lib(AnimatedPicture.cpp.obj)' or at 'C:\Users\SamAmco\Documents\Visual Studio 2013\Projects\GameSimCoursework2\Debug\vc120.pdb'; linking object as if no debug info
     1>tgui-s-d.lib(SpinButton.cpp.obj) : warning LNK4099: PDB 'vc120.pdb' was not found with 'tgui-s-d.lib(SpinButton.cpp.obj)' or at 'C:\Users\SamAmco\Documents\Visual Studio 2013\Projects\GameSimCoursework2\Debug\vc120.pdb'; linking object as if no debug info
     1>tgui-s-d.lib(Slider2d.cpp.obj) : warning LNK4099: PDB 'vc120.pdb' was not found with 'tgui-s-d.lib(Slider2d.cpp.obj)' or at 'C:\Users\SamAmco\Documents\Visual Studio 2013\Projects\GameSimCoursework2\Debug\vc120.pdb'; linking object as if no debug info
     1>tgui-s-d.lib(Tab.cpp.obj) : warning LNK4099: PDB 'vc120.pdb' was not found with 'tgui-s-d.lib(Tab.cpp.obj)' or at 'C:\Users\SamAmco\Documents\Visual Studio 2013\Projects\GameSimCoursework2\Debug\vc120.pdb'; linking object as if no debug info
     1>tgui-s-d.lib(ConfigFile.cpp.obj) : warning LNK4099: PDB 'vc120.pdb' was not found with 'tgui-s-d.lib(ConfigFile.cpp.obj)' or at 'C:\Users\SamAmco\Documents\Visual Studio 2013\Projects\GameSimCoursework2\Debug\vc120.pdb'; linking object as if no debug info
     1>tgui-s-d.lib(TextureManager.cpp.obj) : warning LNK4099: PDB 'vc120.pdb' was not found with 'tgui-s-d.lib(TextureManager.cpp.obj)' or at 'C:\Users\SamAmco\Documents\Visual Studio 2013\Projects\GameSimCoursework2\Debug\vc120.pdb'; linking object as if no debug info
     1>tgui-s-d.lib(Container.cpp.obj) : warning LNK4099: PDB 'vc120.pdb' was not found with 'tgui-s-d.lib(Container.cpp.obj)' or at 'C:\Users\SamAmco\Documents\Visual Studio 2013\Projects\GameSimCoursework2\Debug\vc120.pdb'; linking object as if no debug info
     1>tgui-s-d.lib(Panel.cpp.obj) : warning LNK4099: PDB 'vc120.pdb' was not found with 'tgui-s-d.lib(Panel.cpp.obj)' or at 'C:\Users\SamAmco\Documents\Visual Studio 2013\Projects\GameSimCoursework2\Debug\vc120.pdb'; linking object as if no debug info
     1>tgui-s-d.lib(ChildWindow.cpp.obj) : warning LNK4099: PDB 'vc120.pdb' was not found with 'tgui-s-d.lib(ChildWindow.cpp.obj)' or at 'C:\Users\SamAmco\Documents\Visual Studio 2013\Projects\GameSimCoursework2\Debug\vc120.pdb'; linking object as if no debug info
     1>tgui-s-d.lib(Grid.cpp.obj) : warning LNK4099: PDB 'vc120.pdb' was not found with 'tgui-s-d.lib(Grid.cpp.obj)' or at 'C:\Users\SamAmco\Documents\Visual Studio 2013\Projects\GameSimCoursework2\Debug\vc120.pdb'; linking object as if no debug info
     1>tgui-s-d.lib(Gui.cpp.obj) : warning LNK4099: PDB 'vc120.pdb' was not found with 'tgui-s-d.lib(Gui.cpp.obj)' or at 'C:\Users\SamAmco\Documents\Visual Studio 2013\Projects\GameSimCoursework2\Debug\vc120.pdb'; linking object as if no debug info
     1>tgui-s-d.lib(ClickableWidget.cpp.obj) : warning LNK4099: PDB 'vc120.pdb' was not found with 'tgui-s-d.lib(ClickableWidget.cpp.obj)' or at 'C:\Users\SamAmco\Documents\Visual Studio 2013\Projects\GameSimCoursework2\Debug\vc120.pdb'; linking object as if no debug info
     1>tgui-s-d.lib(MenuBar.cpp.obj) : warning LNK4099: PDB 'vc120.pdb' was not found with 'tgui-s-d.lib(MenuBar.cpp.obj)' or at 'C:\Users\SamAmco\Documents\Visual Studio 2013\Projects\GameSimCoursework2\Debug\vc120.pdb'; linking object as if no debug info
     1>tgui-s-d.lib(ChatBox.cpp.obj) : warning LNK4099: PDB 'vc120.pdb' was not found with 'tgui-s-d.lib(ChatBox.cpp.obj)' or at 'C:\Users\SamAmco\Documents\Visual Studio 2013\Projects\GameSimCoursework2\Debug\vc120.pdb'; linking object as if no debug info
         GameSimCoursework2.vcxproj -> C:\Users\SamAmco\Documents\Visual Studio 2013\Projects\GameSimCoursework2\Debug\GameSimCoursework2.exe
     1>Done Building Project "C:\Users\SamAmco\Documents\Visual Studio 2013\Projects\GameSimCoursework2\GameSimCoursework2\GameSimCoursework2.vcxproj" (Build target(s)).

Build succeeded.

Time Elapsed 00:00:04.14
