Build started 03/04/2015 21:06:51.
     1>Project "C:\Users\SamAmco\Documents\Visual Studio 2013\Projects\GameSimCoursework2\GameSimCoursework2\GameSimCoursework2.vcxproj" on node 2 (Build target(s)).
     1>ClCompile:
         C:\Program Files (x86)\Microsoft Visual Studio 12.0\VC\bin\CL.exe /c /I"C:\Users\SamAmco\Documents\Visual Studio 2013\TGUI-0.6\include" /I"C:\Users\SamAmco\Documents\Visual Studio 2013\SFML-2.2\include" /Zi /nologo /W3 /WX- /sdl /O2 /Oi /Oy- /GL /D SFML_STATIC /D GLEW_STATIC /D WIN32 /D NDEBUG /D _CONSOLE /D _LIB /D _UNICODE /D UNICODE /Gm- /EHsc /MD /GS /Gy /fp:precise /Zc:wchar_t /Zc:forScope /Yu"stdafx.h" /Fp"Release\GameSimCoursework2.pch" /Fo"Release\\" /Fd"Release\vc120.pdb" /Gd /TP /analyze- /errorReport:prompt GameSimCoursework2.cpp PathPlanner.cpp
         GameSimCoursework2.cpp
     1>GameSimCoursework2.cpp(344): warning C4244: 'argument' : conversion from 'int' to 'float', possible loss of data
     1>GameSimCoursework2.cpp(349): warning C4244: 'argument' : conversion from 'int' to 'float', possible loss of data
     1>GameSimCoursework2.cpp(354): warning C4244: 'argument' : conversion from 'int' to 'float', possible loss of data
     1>GameSimCoursework2.cpp(360): warning C4244: 'argument' : conversion from 'int' to 'float', possible loss of data
     1>GameSimCoursework2.cpp(367): warning C4244: 'argument' : conversion from 'int' to 'float', possible loss of data
     1>GameSimCoursework2.cpp(374): warning C4244: 'argument' : conversion from 'int' to 'float', possible loss of data
     1>GameSimCoursework2.cpp(381): warning C4244: 'argument' : conversion from 'int' to 'float', possible loss of data
     1>GameSimCoursework2.cpp(388): warning C4244: 'argument' : conversion from 'int' to 'float', possible loss of data
     1>GameSimCoursework2.cpp(396): warning C4244: 'argument' : conversion from 'int' to 'float', possible loss of data
     1>GameSimCoursework2.cpp(408): warning C4244: 'argument' : conversion from 'int' to 'float', possible loss of data
     1>GameSimCoursework2.cpp(413): warning C4244: 'argument' : conversion from 'int' to 'float', possible loss of data
     1>GameSimCoursework2.cpp(419): warning C4244: 'argument' : conversion from 'int' to 'float', possible loss of data
     1>GameSimCoursework2.cpp(426): warning C4244: 'argument' : conversion from 'int' to 'float', possible loss of data
     1>GameSimCoursework2.cpp(433): warning C4244: 'argument' : conversion from 'int' to 'float', possible loss of data
     1>GameSimCoursework2.cpp(441): warning C4244: 'argument' : conversion from 'int' to 'float', possible loss of data
         PathPlanner.cpp
     1>PathPlanner.cpp(36): warning C4018: '<' : signed/unsigned mismatch
     1>PathPlanner.cpp(159): warning C4018: '<' : signed/unsigned mismatch
     1>PathPlanner.cpp(191): warning C4018: '<' : signed/unsigned mismatch
     1>PathPlanner.cpp(211): warning C4018: '<' : signed/unsigned mismatch
       Link:
         C:\Program Files (x86)\Microsoft Visual Studio 12.0\VC\bin\link.exe /ERRORREPORT:PROMPT /OUT:"C:\Users\SamAmco\Documents\Visual Studio 2013\Projects\GameSimCoursework2\Release\GameSimCoursework2.exe" /INCREMENTAL:NO /NOLOGO /LIBPATH:"C:\Users\SamAmco\Documents\Visual Studio 2013\TGUI-0.6\lib" /LIBPATH:"C:\Users\SamAmco\Documents\Visual Studio 2013\SFML-2.2\lib" opengl32.lib glew.lib winmm.lib gdi32.lib sndfile.lib freetype.lib openal32.lib jpeg.lib "sfml-system-s.lib" "sfml-audio-s.lib" "sfml-window-s.lib" "sfml-graphics-s.lib" "tgui-s.lib" kernel32.lib user32.lib gdi32.lib winspool.lib comdlg32.lib advapi32.lib shell32.lib ole32.lib oleaut32.lib uuid.lib odbc32.lib odbccp32.lib /MANIFEST /MANIFESTUAC:"level='asInvoker' uiAccess='false'" /manifest:embed /DEBUG /PDB:"C:\Users\SamAmco\Documents\Visual Studio 2013\Projects\GameSimCoursework2\Release\GameSimCoursework2.pdb" /SUBSYSTEM:CONSOLE /OPT:REF /OPT:ICF /LTCG /TLBID:1 /DYNAMICBASE /NXCOMPAT /IMPLIB:"C:\Users\SamAmco\Documents\Visual Studio 2013\Projects\GameSimCoursework2\Release\GameSimCoursework2.lib" /MACHINE:X86 /SAFESEH Release\GameSimCoursework2.obj
         Release\PathPlanner.obj
         Release\stdafx.obj
         Generating code
         Finished generating code
         GameSimCoursework2.vcxproj -> C:\Users\SamAmco\Documents\Visual Studio 2013\Projects\GameSimCoursework2\Release\GameSimCoursework2.exe
     1>Done Building Project "C:\Users\SamAmco\Documents\Visual Studio 2013\Projects\GameSimCoursework2\GameSimCoursework2\GameSimCoursework2.vcxproj" (Build target(s)).

Build succeeded.

Time Elapsed 00:00:05.46
